0 info it worked if it ends with ok
1 verbose cli [ '/usr/local/bin/node',
1 verbose cli   '/usr/local/bin/npm',
1 verbose cli   'install',
1 verbose cli   'node',
1 verbose cli   '--save' ]
2 info using npm@3.10.8
3 info using node@v6.9.1
4 silly loadCurrentTree Starting
5 silly install loadCurrentTree
6 silly install readLocalPackageData
7 silly fetchPackageMetaData node@^9.3.0
8 silly fetchNamedPackageData node
9 silly mapToRegistry name node
10 silly mapToRegistry using default registry
11 silly mapToRegistry registry https://registry.npmjs.org/
12 silly mapToRegistry data Result {
12 silly mapToRegistry   raw: 'node',
12 silly mapToRegistry   scope: null,
12 silly mapToRegistry   escapedName: 'node',
12 silly mapToRegistry   name: 'node',
12 silly mapToRegistry   rawSpec: '',
12 silly mapToRegistry   spec: 'latest',
12 silly mapToRegistry   type: 'tag' }
13 silly mapToRegistry uri https://registry.npmjs.org/node
14 verbose request uri https://registry.npmjs.org/node
15 verbose request no auth needed
16 info attempt registry request try #1 at 2:34:14 PM
17 verbose request id 1faa923be25d74df
18 verbose etag "5a3988a2-52e36"
19 verbose lastModified Tue, 19 Dec 2017 21:46:10 GMT
20 http request GET https://registry.npmjs.org/node
21 http 304 https://registry.npmjs.org/node
22 verbose headers { date: 'Tue, 26 Dec 2017 20:34:14 GMT',
22 verbose headers   via: '1.1 varnish',
22 verbose headers   'cache-control': 'max-age=300',
22 verbose headers   etag: '"5a3988a2-52e36"',
22 verbose headers   age: '3595',
22 verbose headers   connection: 'keep-alive',
22 verbose headers   'x-served-by': 'cache-dfw18631-DFW',
22 verbose headers   'x-cache': 'HIT',
22 verbose headers   'x-cache-hits': '1',
22 verbose headers   'x-timer': 'S1514320454.187701,VS0,VE1',
22 verbose headers   vary: 'Accept-Encoding, Accept' }
23 silly get cb [ 304,
23 silly get   { date: 'Tue, 26 Dec 2017 20:34:14 GMT',
23 silly get     via: '1.1 varnish',
23 silly get     'cache-control': 'max-age=300',
23 silly get     etag: '"5a3988a2-52e36"',
23 silly get     age: '3595',
23 silly get     connection: 'keep-alive',
23 silly get     'x-served-by': 'cache-dfw18631-DFW',
23 silly get     'x-cache': 'HIT',
23 silly get     'x-cache-hits': '1',
23 silly get     'x-timer': 'S1514320454.187701,VS0,VE1',
23 silly get     vary: 'Accept-Encoding, Accept' } ]
24 verbose etag https://registry.npmjs.org/node from cache
25 verbose get saving node to /Users/OperationSpark/.npm/registry.npmjs.org/node/.cache.json
26 verbose correctMkdir /Users/OperationSpark/.npm correctMkdir not in flight; initializing
27 silly install normalizeTree
28 silly loadCurrentTree Finishing
29 silly loadIdealTree Starting
30 silly install loadIdealTree
31 silly cloneCurrentTree Starting
32 silly install cloneCurrentTreeToIdealTree
33 silly cloneCurrentTree Finishing
34 silly loadShrinkwrap Starting
35 silly install loadShrinkwrap
36 silly loadShrinkwrap Finishing
37 silly loadAllDepsIntoIdealTree Starting
38 silly install loadAllDepsIntoIdealTree
39 silly resolveWithNewModule node@9.3.0 checking installable status
40 silly cache add args [ 'node@^9.3.0', null ]
41 verbose cache add spec node@^9.3.0
42 silly cache add parsed spec Result {
42 silly cache add   raw: 'node@^9.3.0',
42 silly cache add   scope: null,
42 silly cache add   escapedName: 'node',
42 silly cache add   name: 'node',
42 silly cache add   rawSpec: '^9.3.0',
42 silly cache add   spec: '>=9.3.0 <10.0.0',
42 silly cache add   type: 'range' }
43 silly addNamed node@>=9.3.0 <10.0.0
44 verbose addNamed ">=9.3.0 <10.0.0" is a valid semver range for node
45 silly addNameRange { name: 'node', range: '>=9.3.0 <10.0.0', hasData: false }
46 silly mapToRegistry name node
47 silly mapToRegistry using default registry
48 silly mapToRegistry registry https://registry.npmjs.org/
49 silly mapToRegistry data Result {
49 silly mapToRegistry   raw: 'node',
49 silly mapToRegistry   scope: null,
49 silly mapToRegistry   escapedName: 'node',
49 silly mapToRegistry   name: 'node',
49 silly mapToRegistry   rawSpec: '',
49 silly mapToRegistry   spec: 'latest',
49 silly mapToRegistry   type: 'tag' }
50 silly mapToRegistry uri https://registry.npmjs.org/node
51 verbose addNameRange registry:https://registry.npmjs.org/node not in flight; fetching
52 verbose get https://registry.npmjs.org/node not expired, no request
53 silly addNameRange number 2 { name: 'node', range: '>=9.3.0 <10.0.0', hasData: true }
54 silly addNameRange versions [ 'node',
54 silly addNameRange   [ '0.0.0',
54 silly addNameRange     '0.1.14',
54 silly addNameRange     '0.1.15',
54 silly addNameRange     '0.1.16',
54 silly addNameRange     '0.1.17',
54 silly addNameRange     '0.1.18',
54 silly addNameRange     '0.1.19',
54 silly addNameRange     '0.1.20',
54 silly addNameRange     '0.1.21',
54 silly addNameRange     '0.1.22',
54 silly addNameRange     '0.1.23',
54 silly addNameRange     '0.1.24',
54 silly addNameRange     '0.1.25',
54 silly addNameRange     '0.1.26',
54 silly addNameRange     '0.1.27',
54 silly addNameRange     '0.1.28',
54 silly addNameRange     '0.1.29',
54 silly addNameRange     '0.1.30',
54 silly addNameRange     '0.1.31',
54 silly addNameRange     '0.1.32',
54 silly addNameRange     '0.1.33',
54 silly addNameRange     '0.1.90',
54 silly addNameRange     '0.1.91',
54 silly addNameRange     '0.1.92',
54 silly addNameRange     '0.1.93',
54 silly addNameRange     '0.1.94',
54 silly addNameRange     '0.1.95',
54 silly addNameRange     '0.1.96',
54 silly addNameRange     '0.1.97',
54 silly addNameRange     '0.1.98',
54 silly addNameRange     '0.1.99',
54 silly addNameRange     '0.1.100',
54 silly addNameRange     '0.1.101',
54 silly addNameRange     '0.1.102',
54 silly addNameRange     '0.1.103',
54 silly addNameRange     '0.1.104',
54 silly addNameRange     '0.2.0',
54 silly addNameRange     '0.2.1',
54 silly addNameRange     '0.2.2',
54 silly addNameRange     '0.2.3',
54 silly addNameRange     '0.2.4',
54 silly addNameRange     '0.2.5',
54 silly addNameRange     '0.2.6',
54 silly addNameRange     '0.3.0',
54 silly addNameRange     '0.3.1',
54 silly addNameRange     '0.3.2',
54 silly addNameRange     '0.3.3',
54 silly addNameRange     '0.3.4',
54 silly addNameRange     '0.3.5',
54 silly addNameRange     '0.3.6',
54 silly addNameRange     '0.3.7',
54 silly addNameRange     '0.3.8',
54 silly addNameRange     '0.4.0',
54 silly addNameRange     '0.4.1',
54 silly addNameRange     '0.4.2',
54 silly addNameRange     '0.4.3',
54 silly addNameRange     '0.4.4',
54 silly addNameRange     '0.4.5',
54 silly addNameRange     '0.4.6',
54 silly addNameRange     '0.4.7',
54 silly addNameRange     '0.4.8',
54 silly addNameRange     '0.4.9',
54 silly addNameRange     '0.4.10',
54 silly addNameRange     '0.4.11',
54 silly addNameRange     '0.4.12',
54 silly addNameRange     '0.5.0',
54 silly addNameRange     '0.5.1',
54 silly addNameRange     '0.5.2',
54 silly addNameRange     '0.5.3',
54 silly addNameRange     '0.5.4',
54 silly addNameRange     '0.5.5',
54 silly addNameRange     '0.5.6',
54 silly addNameRange     '0.5.7',
54 silly addNameRange     '0.5.8',
54 silly addNameRange     '0.5.9',
54 silly addNameRange     '0.5.10',
54 silly addNameRange     '0.6.0',
54 silly addNameRange     '0.6.1',
54 silly addNameRange     '0.6.2',
54 silly addNameRange     '0.6.3',
54 silly addNameRange     '0.6.4',
54 silly addNameRange     '0.6.5',
54 silly addNameRange     '0.6.6',
54 silly addNameRange     '0.6.7',
54 silly addNameRange     '0.6.8',
54 silly addNameRange     '0.6.9',
54 silly addNameRange     '0.6.10',
54 silly addNameRange     '0.6.11',
54 silly addNameRange     '0.6.12',
54 silly addNameRange     '0.6.13',
54 silly addNameRange     '0.6.14',
54 silly addNameRange     '0.6.15',
54 silly addNameRange     '0.6.16',
54 silly addNameRange     '0.6.17',
54 silly addNameRange     '0.6.18',
54 silly addNameRange     '0.6.19',
54 silly addNameRange     '0.6.20',
54 silly addNameRange     '0.6.21',
54 silly addNameRange     '0.7.0',
54 silly addNameRange     '0.7.1',
54 silly addNameRange     ... 261 more items ] ]
55 silly addNamed node@9.3.0
56 verbose addNamed "9.3.0" is a plain semver version for node
57 silly cache afterAdd node@9.3.0
58 verbose afterAdd /Users/OperationSpark/.npm/node/9.3.0/package/package.json not in flight; writing
59 verbose correctMkdir /Users/OperationSpark/.npm correctMkdir not in flight; initializing
60 verbose afterAdd /Users/OperationSpark/.npm/node/9.3.0/package/package.json written
61 silly fetchNamedPackageData node-bin-setup
62 silly mapToRegistry name node-bin-setup
63 silly mapToRegistry using default registry
64 silly mapToRegistry registry https://registry.npmjs.org/
65 silly mapToRegistry data Result {
65 silly mapToRegistry   raw: 'node-bin-setup',
65 silly mapToRegistry   scope: null,
65 silly mapToRegistry   escapedName: 'node-bin-setup',
65 silly mapToRegistry   name: 'node-bin-setup',
65 silly mapToRegistry   rawSpec: '',
65 silly mapToRegistry   spec: 'latest',
65 silly mapToRegistry   type: 'tag' }
66 silly mapToRegistry uri https://registry.npmjs.org/node-bin-setup
67 verbose request uri https://registry.npmjs.org/node-bin-setup
68 verbose request no auth needed
69 info attempt registry request try #1 at 2:34:14 PM
70 verbose etag "5976bbea-1511"
71 verbose lastModified Tue, 25 Jul 2017 3:32:58 GMT
72 http request GET https://registry.npmjs.org/node-bin-setup
73 http 304 https://registry.npmjs.org/node-bin-setup
74 verbose headers { date: 'Tue, 26 Dec 2017 20:34:14 GMT',
74 verbose headers   via: '1.1 varnish',
74 verbose headers   'cache-control': 'max-age=300',
74 verbose headers   etag: '"5976bbea-1511"',
74 verbose headers   age: '13200',
74 verbose headers   connection: 'keep-alive',
74 verbose headers   'x-served-by': 'cache-dfw18631-DFW',
74 verbose headers   'x-cache': 'HIT',
74 verbose headers   'x-cache-hits': '1',
74 verbose headers   'x-timer': 'S1514320454.385003,VS0,VE1',
74 verbose headers   vary: 'Accept-Encoding, Accept' }
75 silly get cb [ 304,
75 silly get   { date: 'Tue, 26 Dec 2017 20:34:14 GMT',
75 silly get     via: '1.1 varnish',
75 silly get     'cache-control': 'max-age=300',
75 silly get     etag: '"5976bbea-1511"',
75 silly get     age: '13200',
75 silly get     connection: 'keep-alive',
75 silly get     'x-served-by': 'cache-dfw18631-DFW',
75 silly get     'x-cache': 'HIT',
75 silly get     'x-cache-hits': '1',
75 silly get     'x-timer': 'S1514320454.385003,VS0,VE1',
75 silly get     vary: 'Accept-Encoding, Accept' } ]
76 verbose etag https://registry.npmjs.org/node-bin-setup from cache
77 verbose get saving node-bin-setup to /Users/OperationSpark/.npm/registry.npmjs.org/node-bin-setup/.cache.json
78 verbose correctMkdir /Users/OperationSpark/.npm correctMkdir not in flight; initializing
79 silly resolveWithNewModule node-bin-setup@1.0.6 checking installable status
80 silly cache add args [ 'node-bin-setup@^1.0.0', null ]
81 verbose cache add spec node-bin-setup@^1.0.0
82 silly cache add parsed spec Result {
82 silly cache add   raw: 'node-bin-setup@^1.0.0',
82 silly cache add   scope: null,
82 silly cache add   escapedName: 'node-bin-setup',
82 silly cache add   name: 'node-bin-setup',
82 silly cache add   rawSpec: '^1.0.0',
82 silly cache add   spec: '>=1.0.0 <2.0.0',
82 silly cache add   type: 'range' }
83 silly addNamed node-bin-setup@>=1.0.0 <2.0.0
84 verbose addNamed ">=1.0.0 <2.0.0" is a valid semver range for node-bin-setup
85 silly addNameRange { name: 'node-bin-setup',
85 silly addNameRange   range: '>=1.0.0 <2.0.0',
85 silly addNameRange   hasData: false }
86 silly mapToRegistry name node-bin-setup
87 silly mapToRegistry using default registry
88 silly mapToRegistry registry https://registry.npmjs.org/
89 silly mapToRegistry data Result {
89 silly mapToRegistry   raw: 'node-bin-setup',
89 silly mapToRegistry   scope: null,
89 silly mapToRegistry   escapedName: 'node-bin-setup',
89 silly mapToRegistry   name: 'node-bin-setup',
89 silly mapToRegistry   rawSpec: '',
89 silly mapToRegistry   spec: 'latest',
89 silly mapToRegistry   type: 'tag' }
90 silly mapToRegistry uri https://registry.npmjs.org/node-bin-setup
91 verbose addNameRange registry:https://registry.npmjs.org/node-bin-setup not in flight; fetching
92 verbose get https://registry.npmjs.org/node-bin-setup not expired, no request
93 silly addNameRange number 2 { name: 'node-bin-setup',
93 silly addNameRange   range: '>=1.0.0 <2.0.0',
93 silly addNameRange   hasData: true }
94 silly addNameRange versions [ 'node-bin-setup',
94 silly addNameRange   [ '1.0.0', '1.0.1', '1.0.2', '1.0.3', '1.0.4', '1.0.6' ] ]
95 silly addNamed node-bin-setup@1.0.6
96 verbose addNamed "1.0.6" is a plain semver version for node-bin-setup
97 silly cache afterAdd node-bin-setup@1.0.6
98 verbose afterAdd /Users/OperationSpark/.npm/node-bin-setup/1.0.6/package/package.json not in flight; writing
99 verbose correctMkdir /Users/OperationSpark/.npm correctMkdir not in flight; initializing
100 verbose afterAdd /Users/OperationSpark/.npm/node-bin-setup/1.0.6/package/package.json written
101 silly loadAllDepsIntoIdealTree Finishing
102 silly loadIdealTree Finishing
103 silly currentTree crypto-spy@1.0.0
104 silly idealTree crypto-spy@1.0.0
104 silly idealTree ├── node-bin-setup@1.0.6
104 silly idealTree └── node@9.3.0
105 silly generateActionsToTake Starting
106 silly install generateActionsToTake
107 silly generateActionsToTake Finishing
108 silly diffTrees action count 2
109 silly diffTrees add node-bin-setup@1.0.6
110 silly diffTrees add node@9.3.0
111 silly decomposeActions action count 16
112 silly decomposeActions fetch node-bin-setup@1.0.6
113 silly decomposeActions extract node-bin-setup@1.0.6
114 silly decomposeActions test node-bin-setup@1.0.6
115 silly decomposeActions preinstall node-bin-setup@1.0.6
116 silly decomposeActions build node-bin-setup@1.0.6
117 silly decomposeActions install node-bin-setup@1.0.6
118 silly decomposeActions postinstall node-bin-setup@1.0.6
119 silly decomposeActions finalize node-bin-setup@1.0.6
120 silly decomposeActions fetch node@9.3.0
121 silly decomposeActions extract node@9.3.0
122 silly decomposeActions test node@9.3.0
123 silly decomposeActions preinstall node@9.3.0
124 silly decomposeActions build node@9.3.0
125 silly decomposeActions install node@9.3.0
126 silly decomposeActions postinstall node@9.3.0
127 silly decomposeActions finalize node@9.3.0
128 silly runTopLevelLifecycles Starting
129 silly executeActions Starting
130 silly install executeActions
131 silly doSerial global-install 0
132 silly doParallel fetch 2
133 verbose correctMkdir /Users/OperationSpark/.npm/_locks correctMkdir not in flight; initializing
134 verbose lock using /Users/OperationSpark/.npm/_locks/staging-15cfcf5be87fe61e.lock for /Users/OperationSpark/Eddie_Smith/crypto-spy/node_modules/.staging
135 silly doParallel extract 2
136 silly extract node-bin-setup@1.0.6
137 silly extract node@9.3.0
138 verbose unbuild node_modules/.staging/node-bin-setup-5b3c1b5a
139 verbose unbuild node_modules/.staging/node-ce238bc1
140 silly gentlyRm /Users/OperationSpark/Eddie_Smith/crypto-spy/node_modules/.staging/node-bin-setup-5b3c1b5a is being purged from base /Users/OperationSpark/Eddie_Smith/crypto-spy
141 verbose gentlyRm don't care about contents; nuking /Users/OperationSpark/Eddie_Smith/crypto-spy/node_modules/.staging/node-bin-setup-5b3c1b5a
142 verbose tar unpack /Users/OperationSpark/.npm/node-bin-setup/1.0.6/package.tgz
143 verbose tar unpacking to /Users/OperationSpark/Eddie_Smith/crypto-spy/node_modules/.staging/node-bin-setup-5b3c1b5a
144 silly gentlyRm /Users/OperationSpark/Eddie_Smith/crypto-spy/node_modules/.staging/node-bin-setup-5b3c1b5a is being purged
145 verbose gentlyRm don't care about contents; nuking /Users/OperationSpark/Eddie_Smith/crypto-spy/node_modules/.staging/node-bin-setup-5b3c1b5a
146 silly gentlyRm /Users/OperationSpark/Eddie_Smith/crypto-spy/node_modules/.staging/node-ce238bc1 is being purged from base /Users/OperationSpark/Eddie_Smith/crypto-spy
147 verbose gentlyRm don't care about contents; nuking /Users/OperationSpark/Eddie_Smith/crypto-spy/node_modules/.staging/node-ce238bc1
148 silly gunzTarPerm modes [ '755', '644' ]
149 verbose tar unpack /Users/OperationSpark/.npm/node/9.3.0/package.tgz
150 verbose tar unpacking to /Users/OperationSpark/Eddie_Smith/crypto-spy/node_modules/.staging/node-ce238bc1
151 silly gentlyRm /Users/OperationSpark/Eddie_Smith/crypto-spy/node_modules/.staging/node-ce238bc1 is being purged
152 verbose gentlyRm don't care about contents; nuking /Users/OperationSpark/Eddie_Smith/crypto-spy/node_modules/.staging/node-ce238bc1
153 silly gunzTarPerm modes [ '755', '644' ]
154 silly gunzTarPerm extractEntry package.json
155 silly gunzTarPerm extractEntry package.json
156 silly gunzTarPerm extractEntry index.js
157 silly gunzTarPerm extractEntry installArchSpecificPackage.js
158 silly gunzTarPerm extractEntry README.md
159 silly gentlyRm /Users/OperationSpark/Eddie_Smith/crypto-spy/node_modules/.staging/node-bin-setup-5b3c1b5a/node_modules is being purged
160 verbose gentlyRm don't care about contents; nuking /Users/OperationSpark/Eddie_Smith/crypto-spy/node_modules/.staging/node-bin-setup-5b3c1b5a/node_modules
161 silly gentlyRm /Users/OperationSpark/Eddie_Smith/crypto-spy/node_modules/.staging/node-ce238bc1/node_modules is being purged
162 verbose gentlyRm don't care about contents; nuking /Users/OperationSpark/Eddie_Smith/crypto-spy/node_modules/.staging/node-ce238bc1/node_modules
163 silly doParallel preinstall 2
164 silly preinstall node-bin-setup@1.0.6 /Users/OperationSpark/Eddie_Smith/crypto-spy/node_modules/.staging/node-bin-setup-5b3c1b5a
165 info lifecycle node-bin-setup@1.0.6~preinstall: node-bin-setup@1.0.6
166 silly preinstall node@9.3.0 /Users/OperationSpark/Eddie_Smith/crypto-spy/node_modules/.staging/node-ce238bc1
167 info lifecycle node@9.3.0~preinstall: node@9.3.0
168 silly lifecycle node-bin-setup@1.0.6~preinstall: no script for preinstall, continuing
169 verbose lifecycle node@9.3.0~preinstall: unsafe-perm in lifecycle true
170 verbose lifecycle node@9.3.0~preinstall: PATH: /usr/local/lib/node_modules/npm/bin/node-gyp-bin:/Users/OperationSpark/Eddie_Smith/crypto-spy/node_modules/.staging/node-ce238bc1/node_modules/.bin:/Users/OperationSpark/Eddie_Smith/crypto-spy/node_modules/.bin:/usr/bin:/bin:/usr/sbin:/sbin:/usr/local/bin
171 verbose lifecycle node@9.3.0~preinstall: CWD: /Users/OperationSpark/Eddie_Smith/crypto-spy/node_modules/.staging/node-ce238bc1
172 silly lifecycle node@9.3.0~preinstall: Args: [ '-c', 'node installArchSpecificPackage' ]
173 silly lifecycle node@9.3.0~preinstall: Returned: code: 1  signal: null
174 info lifecycle node@9.3.0~preinstall: Failed to exec preinstall script
175 verbose unlock done using /Users/OperationSpark/.npm/_locks/staging-15cfcf5be87fe61e.lock for /Users/OperationSpark/Eddie_Smith/crypto-spy/node_modules/.staging
176 silly rollbackFailedOptional Starting
177 silly rollbackFailedOptional Finishing
178 silly runTopLevelLifecycles Finishing
179 silly install printInstalled
180 verbose stack Error: node@9.3.0 preinstall: `node installArchSpecificPackage`
180 verbose stack Exit status 1
180 verbose stack     at EventEmitter.<anonymous> (/usr/local/lib/node_modules/npm/lib/utils/lifecycle.js:255:16)
180 verbose stack     at emitTwo (events.js:106:13)
180 verbose stack     at EventEmitter.emit (events.js:191:7)
180 verbose stack     at ChildProcess.<anonymous> (/usr/local/lib/node_modules/npm/lib/utils/spawn.js:40:14)
180 verbose stack     at emitTwo (events.js:106:13)
180 verbose stack     at ChildProcess.emit (events.js:191:7)
180 verbose stack     at maybeClose (internal/child_process.js:877:16)
180 verbose stack     at Process.ChildProcess._handle.onexit (internal/child_process.js:226:5)
181 verbose pkgid node@9.3.0
182 verbose cwd /Users/OperationSpark/Eddie_Smith/crypto-spy
183 error Darwin 16.7.0
184 error argv "/usr/local/bin/node" "/usr/local/bin/npm" "install" "node" "--save"
185 error node v6.9.1
186 error npm  v3.10.8
187 error code ELIFECYCLE
188 error node@9.3.0 preinstall: `node installArchSpecificPackage`
188 error Exit status 1
189 error Failed at the node@9.3.0 preinstall script 'node installArchSpecificPackage'.
189 error Make sure you have the latest version of node.js and npm installed.
189 error If you do, this is most likely a problem with the node package,
189 error not with npm itself.
189 error Tell the author that this fails on your system:
189 error     node installArchSpecificPackage
189 error You can get information on how to open an issue for this project with:
189 error     npm bugs node
189 error Or if that isn't available, you can get their info via:
189 error     npm owner ls node
189 error There is likely additional logging output above.
190 verbose exit [ 1, true ]
